<?xml version="1.0" encoding="UTF-8"?>
<testsuite xmlns:xsi="http://www.w3.org/2001/XMLSchema-instance" xsi:noNamespaceSchemaLocation="https://maven.apache.org/surefire/maven-surefire-plugin/xsd/surefire-test-report.xsd" name="deviator.rest.api.AppTest" time="0.008" tests="1" errors="0" skipped="0" failures="0">
  <properties>
    <property name="java.specification.version" value="13"/>
    <property name="sun.jnu.encoding" value="UTF-8"/>
    <property name="java.class.path" value="/Users/sb/sandeep/2020/proj/kubernetes-understanding/secrets-and-config-maps/pod-read-cm/target/test-classes:/Users/sb/sandeep/2020/proj/kubernetes-understanding/secrets-and-config-maps/pod-read-cm/target/classes:/Users/sb/.m2/repository/org/springframework/boot/spring-boot-starter-web/2.3.0.RELEASE/spring-boot-starter-web-2.3.0.RELEASE.jar:/Users/sb/.m2/repository/org/springframework/boot/spring-boot-starter/2.3.0.RELEASE/spring-boot-starter-2.3.0.RELEASE.jar:/Users/sb/.m2/repository/org/springframework/boot/spring-boot/2.3.0.RELEASE/spring-boot-2.3.0.RELEASE.jar:/Users/sb/.m2/repository/org/springframework/boot/spring-boot-autoconfigure/2.3.0.RELEASE/spring-boot-autoconfigure-2.3.0.RELEASE.jar:/Users/sb/.m2/repository/org/springframework/boot/spring-boot-starter-logging/2.3.0.RELEASE/spring-boot-starter-logging-2.3.0.RELEASE.jar:/Users/sb/.m2/repository/ch/qos/logback/logback-classic/1.2.3/logback-classic-1.2.3.jar:/Users/sb/.m2/repository/ch/qos/logback/logback-core/1.2.3/logback-core-1.2.3.jar:/Users/sb/.m2/repository/org/apache/logging/log4j/log4j-to-slf4j/2.13.2/log4j-to-slf4j-2.13.2.jar:/Users/sb/.m2/repository/org/apache/logging/log4j/log4j-api/2.13.2/log4j-api-2.13.2.jar:/Users/sb/.m2/repository/org/slf4j/jul-to-slf4j/1.7.30/jul-to-slf4j-1.7.30.jar:/Users/sb/.m2/repository/jakarta/annotation/jakarta.annotation-api/1.3.5/jakarta.annotation-api-1.3.5.jar:/Users/sb/.m2/repository/org/yaml/snakeyaml/1.26/snakeyaml-1.26.jar:/Users/sb/.m2/repository/org/springframework/boot/spring-boot-starter-json/2.3.0.RELEASE/spring-boot-starter-json-2.3.0.RELEASE.jar:/Users/sb/.m2/repository/com/fasterxml/jackson/datatype/jackson-datatype-jdk8/2.11.0/jackson-datatype-jdk8-2.11.0.jar:/Users/sb/.m2/repository/com/fasterxml/jackson/module/jackson-module-parameter-names/2.11.0/jackson-module-parameter-names-2.11.0.jar:/Users/sb/.m2/repository/org/springframework/boot/spring-boot-starter-tomcat/2.3.0.RELEASE/spring-boot-starter-tomcat-2.3.0.RELEASE.jar:/Users/sb/.m2/repository/org/apache/tomcat/embed/tomcat-embed-core/9.0.35/tomcat-embed-core-9.0.35.jar:/Users/sb/.m2/repository/org/glassfish/jakarta.el/3.0.3/jakarta.el-3.0.3.jar:/Users/sb/.m2/repository/org/apache/tomcat/embed/tomcat-embed-websocket/9.0.35/tomcat-embed-websocket-9.0.35.jar:/Users/sb/.m2/repository/org/springframework/spring-web/5.2.6.RELEASE/spring-web-5.2.6.RELEASE.jar:/Users/sb/.m2/repository/org/springframework/spring-beans/5.2.6.RELEASE/spring-beans-5.2.6.RELEASE.jar:/Users/sb/.m2/repository/org/springframework/spring-webmvc/5.2.6.RELEASE/spring-webmvc-5.2.6.RELEASE.jar:/Users/sb/.m2/repository/org/springframework/spring-aop/5.2.6.RELEASE/spring-aop-5.2.6.RELEASE.jar:/Users/sb/.m2/repository/org/springframework/spring-context/5.2.6.RELEASE/spring-context-5.2.6.RELEASE.jar:/Users/sb/.m2/repository/org/springframework/spring-expression/5.2.6.RELEASE/spring-expression-5.2.6.RELEASE.jar:/Users/sb/.m2/repository/org/springframework/boot/spring-boot-starter-test/2.3.0.RELEASE/spring-boot-starter-test-2.3.0.RELEASE.jar:/Users/sb/.m2/repository/org/springframework/boot/spring-boot-test/2.3.0.RELEASE/spring-boot-test-2.3.0.RELEASE.jar:/Users/sb/.m2/repository/org/springframework/boot/spring-boot-test-autoconfigure/2.3.0.RELEASE/spring-boot-test-autoconfigure-2.3.0.RELEASE.jar:/Users/sb/.m2/repository/com/jayway/jsonpath/json-path/2.4.0/json-path-2.4.0.jar:/Users/sb/.m2/repository/net/minidev/json-smart/2.3/json-smart-2.3.jar:/Users/sb/.m2/repository/net/minidev/accessors-smart/1.2/accessors-smart-1.2.jar:/Users/sb/.m2/repository/org/ow2/asm/asm/5.0.4/asm-5.0.4.jar:/Users/sb/.m2/repository/jakarta/xml/bind/jakarta.xml.bind-api/2.3.3/jakarta.xml.bind-api-2.3.3.jar:/Users/sb/.m2/repository/jakarta/activation/jakarta.activation-api/1.2.2/jakarta.activation-api-1.2.2.jar:/Users/sb/.m2/repository/org/assertj/assertj-core/3.16.1/assertj-core-3.16.1.jar:/Users/sb/.m2/repository/org/hamcrest/hamcrest/2.2/hamcrest-2.2.jar:/Users/sb/.m2/repository/org/junit/jupiter/junit-jupiter/5.6.2/junit-jupiter-5.6.2.jar:/Users/sb/.m2/repository/org/junit/jupiter/junit-jupiter-api/5.6.2/junit-jupiter-api-5.6.2.jar:/Users/sb/.m2/repository/org/opentest4j/opentest4j/1.2.0/opentest4j-1.2.0.jar:/Users/sb/.m2/repository/org/junit/platform/junit-platform-commons/1.6.2/junit-platform-commons-1.6.2.jar:/Users/sb/.m2/repository/org/junit/jupiter/junit-jupiter-params/5.6.2/junit-jupiter-params-5.6.2.jar:/Users/sb/.m2/repository/org/junit/jupiter/junit-jupiter-engine/5.6.2/junit-jupiter-engine-5.6.2.jar:/Users/sb/.m2/repository/org/junit/vintage/junit-vintage-engine/5.6.2/junit-vintage-engine-5.6.2.jar:/Users/sb/.m2/repository/org/apiguardian/apiguardian-api/1.1.0/apiguardian-api-1.1.0.jar:/Users/sb/.m2/repository/org/junit/platform/junit-platform-engine/1.6.2/junit-platform-engine-1.6.2.jar:/Users/sb/.m2/repository/junit/junit/4.13/junit-4.13.jar:/Users/sb/.m2/repository/org/mockito/mockito-core/3.3.3/mockito-core-3.3.3.jar:/Users/sb/.m2/repository/net/bytebuddy/byte-buddy/1.10.10/byte-buddy-1.10.10.jar:/Users/sb/.m2/repository/net/bytebuddy/byte-buddy-agent/1.10.10/byte-buddy-agent-1.10.10.jar:/Users/sb/.m2/repository/org/objenesis/objenesis/2.6/objenesis-2.6.jar:/Users/sb/.m2/repository/org/mockito/mockito-junit-jupiter/3.3.3/mockito-junit-jupiter-3.3.3.jar:/Users/sb/.m2/repository/org/skyscreamer/jsonassert/1.5.0/jsonassert-1.5.0.jar:/Users/sb/.m2/repository/com/vaadin/external/google/android-json/0.0.20131108.vaadin1/android-json-0.0.20131108.vaadin1.jar:/Users/sb/.m2/repository/org/springframework/spring-core/5.2.6.RELEASE/spring-core-5.2.6.RELEASE.jar:/Users/sb/.m2/repository/org/springframework/spring-jcl/5.2.6.RELEASE/spring-jcl-5.2.6.RELEASE.jar:/Users/sb/.m2/repository/org/springframework/spring-test/5.2.6.RELEASE/spring-test-5.2.6.RELEASE.jar:/Users/sb/.m2/repository/org/xmlunit/xmlunit-core/2.7.0/xmlunit-core-2.7.0.jar:/Users/sb/.m2/repository/io/fabric8/kubernetes-client/4.10.3/kubernetes-client-4.10.3.jar:/Users/sb/.m2/repository/io/fabric8/kubernetes-model-core/4.10.3/kubernetes-model-core-4.10.3.jar:/Users/sb/.m2/repository/io/fabric8/kubernetes-model-common/4.10.3/kubernetes-model-common-4.10.3.jar:/Users/sb/.m2/repository/com/fasterxml/jackson/module/jackson-module-jaxb-annotations/2.11.0/jackson-module-jaxb-annotations-2.11.0.jar:/Users/sb/.m2/repository/javax/annotation/javax.annotation-api/1.3.2/javax.annotation-api-1.3.2.jar:/Users/sb/.m2/repository/javax/xml/bind/jaxb-api/2.3.1/jaxb-api-2.3.1.jar:/Users/sb/.m2/repository/javax/activation/javax.activation-api/1.2.0/javax.activation-api-1.2.0.jar:/Users/sb/.m2/repository/io/fabric8/kubernetes-model-rbac/4.10.3/kubernetes-model-rbac-4.10.3.jar:/Users/sb/.m2/repository/io/fabric8/kubernetes-model-admissionregistration/4.10.3/kubernetes-model-admissionregistration-4.10.3.jar:/Users/sb/.m2/repository/io/fabric8/kubernetes-model-apps/4.10.3/kubernetes-model-apps-4.10.3.jar:/Users/sb/.m2/repository/io/fabric8/kubernetes-model-autoscaling/4.10.3/kubernetes-model-autoscaling-4.10.3.jar:/Users/sb/.m2/repository/io/fabric8/kubernetes-model-apiextensions/4.10.3/kubernetes-model-apiextensions-4.10.3.jar:/Users/sb/.m2/repository/io/fabric8/kubernetes-model-batch/4.10.3/kubernetes-model-batch-4.10.3.jar:/Users/sb/.m2/repository/io/fabric8/kubernetes-model-certificates/4.10.3/kubernetes-model-certificates-4.10.3.jar:/Users/sb/.m2/repository/io/fabric8/kubernetes-model-coordination/4.10.3/kubernetes-model-coordination-4.10.3.jar:/Users/sb/.m2/repository/io/fabric8/kubernetes-model-discovery/4.10.3/kubernetes-model-discovery-4.10.3.jar:/Users/sb/.m2/repository/io/fabric8/kubernetes-model-events/4.10.3/kubernetes-model-events-4.10.3.jar:/Users/sb/.m2/repository/io/fabric8/kubernetes-model-extensions/4.10.3/kubernetes-model-extensions-4.10.3.jar:/Users/sb/.m2/repository/io/fabric8/kubernetes-model-networking/4.10.3/kubernetes-model-networking-4.10.3.jar:/Users/sb/.m2/repository/io/fabric8/kubernetes-model-metrics/4.10.3/kubernetes-model-metrics-4.10.3.jar:/Users/sb/.m2/repository/io/fabric8/kubernetes-model-policy/4.10.3/kubernetes-model-policy-4.10.3.jar:/Users/sb/.m2/repository/io/fabric8/kubernetes-model-scheduling/4.10.3/kubernetes-model-scheduling-4.10.3.jar:/Users/sb/.m2/repository/io/fabric8/kubernetes-model-settings/4.10.3/kubernetes-model-settings-4.10.3.jar:/Users/sb/.m2/repository/io/fabric8/kubernetes-model-storageclass/4.10.3/kubernetes-model-storageclass-4.10.3.jar:/Users/sb/.m2/repository/io/fabric8/openshift-model/4.10.3/openshift-model-4.10.3.jar:/Users/sb/.m2/repository/com/squareup/okhttp3/okhttp/3.14.8/okhttp-3.14.8.jar:/Users/sb/.m2/repository/com/squareup/okio/okio/1.17.2/okio-1.17.2.jar:/Users/sb/.m2/repository/com/squareup/okhttp3/logging-interceptor/3.14.8/logging-interceptor-3.14.8.jar:/Users/sb/.m2/repository/org/slf4j/slf4j-api/1.7.30/slf4j-api-1.7.30.jar:/Users/sb/.m2/repository/com/fasterxml/jackson/dataformat/jackson-dataformat-yaml/2.11.0/jackson-dataformat-yaml-2.11.0.jar:/Users/sb/.m2/repository/com/fasterxml/jackson/datatype/jackson-datatype-jsr310/2.11.0/jackson-datatype-jsr310-2.11.0.jar:/Users/sb/.m2/repository/com/fasterxml/jackson/core/jackson-annotations/2.11.0/jackson-annotations-2.11.0.jar:/Users/sb/.m2/repository/com/fasterxml/jackson/core/jackson-databind/2.11.0/jackson-databind-2.11.0.jar:/Users/sb/.m2/repository/com/fasterxml/jackson/core/jackson-core/2.11.0/jackson-core-2.11.0.jar:/Users/sb/.m2/repository/io/fabric8/zjsonpatch/0.3.0/zjsonpatch-0.3.0.jar:/Users/sb/.m2/repository/com/github/mifmif/generex/1.0.2/generex-1.0.2.jar:/Users/sb/.m2/repository/dk/brics/automaton/automaton/1.11-8/automaton-1.11-8.jar:"/>
    <property name="java.vm.vendor" value="Oracle Corporation"/>
    <property name="sun.arch.data.model" value="64"/>
    <property name="java.vendor.url" value="https://java.oracle.com/"/>
    <property name="os.name" value="Mac OS X"/>
    <property name="java.vm.specification.version" value="13"/>
    <property name="sun.java.launcher" value="SUN_STANDARD"/>
    <property name="user.country" value="IN"/>
    <property name="sun.boot.library.path" value="/Library/Java/JavaVirtualMachines/openjdk-13.0.2.jdk/Contents/Home/lib"/>
    <property name="sun.java.command" value="/Users/sb/sandeep/2020/proj/kubernetes-understanding/secrets-and-config-maps/pod-read-cm/target/surefire/surefirebooter16851793764135392565.jar /Users/sb/sandeep/2020/proj/kubernetes-understanding/secrets-and-config-maps/pod-read-cm/target/surefire 2020-08-31T16-50-36_870-jvmRun1 surefire9539672099717117634tmp surefire_09827832029637001480tmp"/>
    <property name="http.nonProxyHosts" value="local|*.local|169.254/16|*.169.254/16"/>
    <property name="jdk.debug" value="release"/>
    <property name="surefire.test.class.path" value="/Users/sb/sandeep/2020/proj/kubernetes-understanding/secrets-and-config-maps/pod-read-cm/target/test-classes:/Users/sb/sandeep/2020/proj/kubernetes-understanding/secrets-and-config-maps/pod-read-cm/target/classes:/Users/sb/.m2/repository/org/springframework/boot/spring-boot-starter-web/2.3.0.RELEASE/spring-boot-starter-web-2.3.0.RELEASE.jar:/Users/sb/.m2/repository/org/springframework/boot/spring-boot-starter/2.3.0.RELEASE/spring-boot-starter-2.3.0.RELEASE.jar:/Users/sb/.m2/repository/org/springframework/boot/spring-boot/2.3.0.RELEASE/spring-boot-2.3.0.RELEASE.jar:/Users/sb/.m2/repository/org/springframework/boot/spring-boot-autoconfigure/2.3.0.RELEASE/spring-boot-autoconfigure-2.3.0.RELEASE.jar:/Users/sb/.m2/repository/org/springframework/boot/spring-boot-starter-logging/2.3.0.RELEASE/spring-boot-starter-logging-2.3.0.RELEASE.jar:/Users/sb/.m2/repository/ch/qos/logback/logback-classic/1.2.3/logback-classic-1.2.3.jar:/Users/sb/.m2/repository/ch/qos/logback/logback-core/1.2.3/logback-core-1.2.3.jar:/Users/sb/.m2/repository/org/apache/logging/log4j/log4j-to-slf4j/2.13.2/log4j-to-slf4j-2.13.2.jar:/Users/sb/.m2/repository/org/apache/logging/log4j/log4j-api/2.13.2/log4j-api-2.13.2.jar:/Users/sb/.m2/repository/org/slf4j/jul-to-slf4j/1.7.30/jul-to-slf4j-1.7.30.jar:/Users/sb/.m2/repository/jakarta/annotation/jakarta.annotation-api/1.3.5/jakarta.annotation-api-1.3.5.jar:/Users/sb/.m2/repository/org/yaml/snakeyaml/1.26/snakeyaml-1.26.jar:/Users/sb/.m2/repository/org/springframework/boot/spring-boot-starter-json/2.3.0.RELEASE/spring-boot-starter-json-2.3.0.RELEASE.jar:/Users/sb/.m2/repository/com/fasterxml/jackson/datatype/jackson-datatype-jdk8/2.11.0/jackson-datatype-jdk8-2.11.0.jar:/Users/sb/.m2/repository/com/fasterxml/jackson/module/jackson-module-parameter-names/2.11.0/jackson-module-parameter-names-2.11.0.jar:/Users/sb/.m2/repository/org/springframework/boot/spring-boot-starter-tomcat/2.3.0.RELEASE/spring-boot-starter-tomcat-2.3.0.RELEASE.jar:/Users/sb/.m2/repository/org/apache/tomcat/embed/tomcat-embed-core/9.0.35/tomcat-embed-core-9.0.35.jar:/Users/sb/.m2/repository/org/glassfish/jakarta.el/3.0.3/jakarta.el-3.0.3.jar:/Users/sb/.m2/repository/org/apache/tomcat/embed/tomcat-embed-websocket/9.0.35/tomcat-embed-websocket-9.0.35.jar:/Users/sb/.m2/repository/org/springframework/spring-web/5.2.6.RELEASE/spring-web-5.2.6.RELEASE.jar:/Users/sb/.m2/repository/org/springframework/spring-beans/5.2.6.RELEASE/spring-beans-5.2.6.RELEASE.jar:/Users/sb/.m2/repository/org/springframework/spring-webmvc/5.2.6.RELEASE/spring-webmvc-5.2.6.RELEASE.jar:/Users/sb/.m2/repository/org/springframework/spring-aop/5.2.6.RELEASE/spring-aop-5.2.6.RELEASE.jar:/Users/sb/.m2/repository/org/springframework/spring-context/5.2.6.RELEASE/spring-context-5.2.6.RELEASE.jar:/Users/sb/.m2/repository/org/springframework/spring-expression/5.2.6.RELEASE/spring-expression-5.2.6.RELEASE.jar:/Users/sb/.m2/repository/org/springframework/boot/spring-boot-starter-test/2.3.0.RELEASE/spring-boot-starter-test-2.3.0.RELEASE.jar:/Users/sb/.m2/repository/org/springframework/boot/spring-boot-test/2.3.0.RELEASE/spring-boot-test-2.3.0.RELEASE.jar:/Users/sb/.m2/repository/org/springframework/boot/spring-boot-test-autoconfigure/2.3.0.RELEASE/spring-boot-test-autoconfigure-2.3.0.RELEASE.jar:/Users/sb/.m2/repository/com/jayway/jsonpath/json-path/2.4.0/json-path-2.4.0.jar:/Users/sb/.m2/repository/net/minidev/json-smart/2.3/json-smart-2.3.jar:/Users/sb/.m2/repository/net/minidev/accessors-smart/1.2/accessors-smart-1.2.jar:/Users/sb/.m2/repository/org/ow2/asm/asm/5.0.4/asm-5.0.4.jar:/Users/sb/.m2/repository/jakarta/xml/bind/jakarta.xml.bind-api/2.3.3/jakarta.xml.bind-api-2.3.3.jar:/Users/sb/.m2/repository/jakarta/activation/jakarta.activation-api/1.2.2/jakarta.activation-api-1.2.2.jar:/Users/sb/.m2/repository/org/assertj/assertj-core/3.16.1/assertj-core-3.16.1.jar:/Users/sb/.m2/repository/org/hamcrest/hamcrest/2.2/hamcrest-2.2.jar:/Users/sb/.m2/repository/org/junit/jupiter/junit-jupiter/5.6.2/junit-jupiter-5.6.2.jar:/Users/sb/.m2/repository/org/junit/jupiter/junit-jupiter-api/5.6.2/junit-jupiter-api-5.6.2.jar:/Users/sb/.m2/repository/org/opentest4j/opentest4j/1.2.0/opentest4j-1.2.0.jar:/Users/sb/.m2/repository/org/junit/platform/junit-platform-commons/1.6.2/junit-platform-commons-1.6.2.jar:/Users/sb/.m2/repository/org/junit/jupiter/junit-jupiter-params/5.6.2/junit-jupiter-params-5.6.2.jar:/Users/sb/.m2/repository/org/junit/jupiter/junit-jupiter-engine/5.6.2/junit-jupiter-engine-5.6.2.jar:/Users/sb/.m2/repository/org/junit/vintage/junit-vintage-engine/5.6.2/junit-vintage-engine-5.6.2.jar:/Users/sb/.m2/repository/org/apiguardian/apiguardian-api/1.1.0/apiguardian-api-1.1.0.jar:/Users/sb/.m2/repository/org/junit/platform/junit-platform-engine/1.6.2/junit-platform-engine-1.6.2.jar:/Users/sb/.m2/repository/junit/junit/4.13/junit-4.13.jar:/Users/sb/.m2/repository/org/mockito/mockito-core/3.3.3/mockito-core-3.3.3.jar:/Users/sb/.m2/repository/net/bytebuddy/byte-buddy/1.10.10/byte-buddy-1.10.10.jar:/Users/sb/.m2/repository/net/bytebuddy/byte-buddy-agent/1.10.10/byte-buddy-agent-1.10.10.jar:/Users/sb/.m2/repository/org/objenesis/objenesis/2.6/objenesis-2.6.jar:/Users/sb/.m2/repository/org/mockito/mockito-junit-jupiter/3.3.3/mockito-junit-jupiter-3.3.3.jar:/Users/sb/.m2/repository/org/skyscreamer/jsonassert/1.5.0/jsonassert-1.5.0.jar:/Users/sb/.m2/repository/com/vaadin/external/google/android-json/0.0.20131108.vaadin1/android-json-0.0.20131108.vaadin1.jar:/Users/sb/.m2/repository/org/springframework/spring-core/5.2.6.RELEASE/spring-core-5.2.6.RELEASE.jar:/Users/sb/.m2/repository/org/springframework/spring-jcl/5.2.6.RELEASE/spring-jcl-5.2.6.RELEASE.jar:/Users/sb/.m2/repository/org/springframework/spring-test/5.2.6.RELEASE/spring-test-5.2.6.RELEASE.jar:/Users/sb/.m2/repository/org/xmlunit/xmlunit-core/2.7.0/xmlunit-core-2.7.0.jar:/Users/sb/.m2/repository/io/fabric8/kubernetes-client/4.10.3/kubernetes-client-4.10.3.jar:/Users/sb/.m2/repository/io/fabric8/kubernetes-model-core/4.10.3/kubernetes-model-core-4.10.3.jar:/Users/sb/.m2/repository/io/fabric8/kubernetes-model-common/4.10.3/kubernetes-model-common-4.10.3.jar:/Users/sb/.m2/repository/com/fasterxml/jackson/module/jackson-module-jaxb-annotations/2.11.0/jackson-module-jaxb-annotations-2.11.0.jar:/Users/sb/.m2/repository/javax/annotation/javax.annotation-api/1.3.2/javax.annotation-api-1.3.2.jar:/Users/sb/.m2/repository/javax/xml/bind/jaxb-api/2.3.1/jaxb-api-2.3.1.jar:/Users/sb/.m2/repository/javax/activation/javax.activation-api/1.2.0/javax.activation-api-1.2.0.jar:/Users/sb/.m2/repository/io/fabric8/kubernetes-model-rbac/4.10.3/kubernetes-model-rbac-4.10.3.jar:/Users/sb/.m2/repository/io/fabric8/kubernetes-model-admissionregistration/4.10.3/kubernetes-model-admissionregistration-4.10.3.jar:/Users/sb/.m2/repository/io/fabric8/kubernetes-model-apps/4.10.3/kubernetes-model-apps-4.10.3.jar:/Users/sb/.m2/repository/io/fabric8/kubernetes-model-autoscaling/4.10.3/kubernetes-model-autoscaling-4.10.3.jar:/Users/sb/.m2/repository/io/fabric8/kubernetes-model-apiextensions/4.10.3/kubernetes-model-apiextensions-4.10.3.jar:/Users/sb/.m2/repository/io/fabric8/kubernetes-model-batch/4.10.3/kubernetes-model-batch-4.10.3.jar:/Users/sb/.m2/repository/io/fabric8/kubernetes-model-certificates/4.10.3/kubernetes-model-certificates-4.10.3.jar:/Users/sb/.m2/repository/io/fabric8/kubernetes-model-coordination/4.10.3/kubernetes-model-coordination-4.10.3.jar:/Users/sb/.m2/repository/io/fabric8/kubernetes-model-discovery/4.10.3/kubernetes-model-discovery-4.10.3.jar:/Users/sb/.m2/repository/io/fabric8/kubernetes-model-events/4.10.3/kubernetes-model-events-4.10.3.jar:/Users/sb/.m2/repository/io/fabric8/kubernetes-model-extensions/4.10.3/kubernetes-model-extensions-4.10.3.jar:/Users/sb/.m2/repository/io/fabric8/kubernetes-model-networking/4.10.3/kubernetes-model-networking-4.10.3.jar:/Users/sb/.m2/repository/io/fabric8/kubernetes-model-metrics/4.10.3/kubernetes-model-metrics-4.10.3.jar:/Users/sb/.m2/repository/io/fabric8/kubernetes-model-policy/4.10.3/kubernetes-model-policy-4.10.3.jar:/Users/sb/.m2/repository/io/fabric8/kubernetes-model-scheduling/4.10.3/kubernetes-model-scheduling-4.10.3.jar:/Users/sb/.m2/repository/io/fabric8/kubernetes-model-settings/4.10.3/kubernetes-model-settings-4.10.3.jar:/Users/sb/.m2/repository/io/fabric8/kubernetes-model-storageclass/4.10.3/kubernetes-model-storageclass-4.10.3.jar:/Users/sb/.m2/repository/io/fabric8/openshift-model/4.10.3/openshift-model-4.10.3.jar:/Users/sb/.m2/repository/com/squareup/okhttp3/okhttp/3.14.8/okhttp-3.14.8.jar:/Users/sb/.m2/repository/com/squareup/okio/okio/1.17.2/okio-1.17.2.jar:/Users/sb/.m2/repository/com/squareup/okhttp3/logging-interceptor/3.14.8/logging-interceptor-3.14.8.jar:/Users/sb/.m2/repository/org/slf4j/slf4j-api/1.7.30/slf4j-api-1.7.30.jar:/Users/sb/.m2/repository/com/fasterxml/jackson/dataformat/jackson-dataformat-yaml/2.11.0/jackson-dataformat-yaml-2.11.0.jar:/Users/sb/.m2/repository/com/fasterxml/jackson/datatype/jackson-datatype-jsr310/2.11.0/jackson-datatype-jsr310-2.11.0.jar:/Users/sb/.m2/repository/com/fasterxml/jackson/core/jackson-annotations/2.11.0/jackson-annotations-2.11.0.jar:/Users/sb/.m2/repository/com/fasterxml/jackson/core/jackson-databind/2.11.0/jackson-databind-2.11.0.jar:/Users/sb/.m2/repository/com/fasterxml/jackson/core/jackson-core/2.11.0/jackson-core-2.11.0.jar:/Users/sb/.m2/repository/io/fabric8/zjsonpatch/0.3.0/zjsonpatch-0.3.0.jar:/Users/sb/.m2/repository/com/github/mifmif/generex/1.0.2/generex-1.0.2.jar:/Users/sb/.m2/repository/dk/brics/automaton/automaton/1.11-8/automaton-1.11-8.jar:"/>
    <property name="sun.cpu.endian" value="little"/>
    <property name="user.home" value="/Users/sb"/>
    <property name="user.language" value="en"/>
    <property name="java.specification.vendor" value="Oracle Corporation"/>
    <property name="java.version.date" value="2020-01-14"/>
    <property name="java.home" value="/Library/Java/JavaVirtualMachines/openjdk-13.0.2.jdk/Contents/Home"/>
    <property name="file.separator" value="/"/>
    <property name="style.color" value="always"/>
    <property name="basedir" value="/Users/sb/sandeep/2020/proj/kubernetes-understanding/secrets-and-config-maps/pod-read-cm"/>
    <property name="java.vm.compressedOopsMode" value="Zero based"/>
    <property name="line.separator" value="&#10;"/>
    <property name="java.specification.name" value="Java Platform API Specification"/>
    <property name="java.vm.specification.vendor" value="Oracle Corporation"/>
    <property name="surefire.real.class.path" value="/Users/sb/sandeep/2020/proj/kubernetes-understanding/secrets-and-config-maps/pod-read-cm/target/surefire/surefirebooter16851793764135392565.jar"/>
    <property name="sun.management.compiler" value="HotSpot 64-Bit Tiered Compilers"/>
    <property name="ftp.nonProxyHosts" value="local|*.local|169.254/16|*.169.254/16"/>
    <property name="java.runtime.version" value="13.0.2+8"/>
    <property name="user.name" value="sb"/>
    <property name="path.separator" value=":"/>
    <property name="os.version" value="10.14.5"/>
    <property name="java.runtime.name" value="OpenJDK Runtime Environment"/>
    <property name="file.encoding" value="UTF-8"/>
    <property name="java.vm.name" value="OpenJDK 64-Bit Server VM"/>
    <property name="localRepository" value="/Users/sb/.m2/repository"/>
    <property name="java.vendor.url.bug" value="https://bugreport.java.com/bugreport/"/>
    <property name="java.io.tmpdir" value="/var/folders/dh/kp3hjrs94cs8q_6k744bg6hr0000gn/T/"/>
    <property name="java.version" value="13.0.2"/>
    <property name="user.dir" value="/Users/sb/sandeep/2020/proj/kubernetes-understanding/secrets-and-config-maps/pod-read-cm"/>
    <property name="os.arch" value="x86_64"/>
    <property name="java.vm.specification.name" value="Java Virtual Machine Specification"/>
    <property name="java.library.path" value="/Users/sb/Library/Java/Extensions:/Library/Java/Extensions:/Network/Library/Java/Extensions:/System/Library/Java/Extensions:/usr/lib/java:."/>
    <property name="java.vm.info" value="mixed mode, sharing"/>
    <property name="java.vendor" value="Oracle Corporation"/>
    <property name="java.vm.version" value="13.0.2+8"/>
    <property name="sun.io.unicode.encoding" value="UnicodeBig"/>
    <property name="socksNonProxyHosts" value="local|*.local|169.254/16|*.169.254/16"/>
    <property name="java.class.version" value="57.0"/>
  </properties>
  <testcase name="shouldAnswerWithTrue" classname="deviator.rest.api.AppTest" time="0.001"/>
</testsuite>